<?xml version="1.0" encoding="UTF-8"?>
<!-- Generated by org.testng.reporters.JUnitReportReporter -->
<testsuite hostname="Currys-MacBook-Pro.local" failures="0" tests="5" name="org.example.Test1" time="8.622" errors="0" timestamp="2025-02-20T14:36:31 ICT" skipped="0">
  <testcase classname="org.example.Test1" name="loginFail" time="1.200"/>
  <testcase classname="org.example.Test1" name="loginFieldBlank" time="1.232"/>
  <testcase classname="org.example.Test1" name="tabIsWorking" time="0.450"/>
  <testcase classname="org.example.Test1" name="enterIsWorking" time="3.310"/>
  <testcase classname="org.example.Test1" name="loginSucess" time="2.430"/>
</testsuite> <!-- org.example.Test1 -->
